<?xml version="1.0" encoding="UTF-8"?>
<testng-results ignored="0" total="2" passed="2" failed="0" skipped="0">
  <reporter-output>
  </reporter-output>
  <suite started-at="2025-07-30T16:55:20 EET" name="Default suite" finished-at="2025-07-30T16:55:22 EET" duration-ms="2320">
    <groups>
    </groups>
    <test started-at="2025-07-30T16:55:20 EET" name="Default test" finished-at="2025-07-30T16:55:22 EET" duration-ms="2320">
      <class name="Practes">
        <test-method is-config="true" signature="mysetup()[pri:0, instance:Practes@4c550889]" started-at="2025-07-30T16:55:20 EET" name="mysetup" finished-at="2025-07-30T16:55:21 EET" duration-ms="1588" status="PASS">
          <reporter-output>
          </reporter-output>
        </test-method> <!-- mysetup -->
        <test-method signature="login()[pri:1, instance:Practes@4c550889]" started-at="2025-07-30T16:55:22 EET" name="login" finished-at="2025-07-30T16:55:22 EET" duration-ms="361" status="PASS">
          <reporter-output>
          </reporter-output>
        </test-method> <!-- login -->
        <test-method signature="AddallitemToTheCart()[pri:2, instance:Practes@4c550889]" started-at="2025-07-30T16:55:22 EET" name="AddallitemToTheCart" finished-at="2025-07-30T16:55:22 EET" duration-ms="317" status="PASS">
          <reporter-output>
          </reporter-output>
        </test-method> <!-- AddallitemToTheCart -->
      </class> <!-- Practes -->
    </test> <!-- Default test -->
  </suite> <!-- Default suite -->
</testng-results>
